[2024-01-15 19:32:07 [32mINFO [0;39m restartedMain] [com.preschool.preschooldemo.PreschooldemoApplication] [36mStarting PreschooldemoApplication using Java 17.0.8.1 with PID 2864 (D:\Students\hyun\java\preschooldemo\build\classes\java\main started by Administrator in D:\Students\hyun\java\preschooldemo)[0;39m
[2024-01-15 19:32:07 [32mINFO [0;39m restartedMain] [com.preschool.preschooldemo.PreschooldemoApplication] [36mNo active profile set, falling back to 1 default profile: "default"[0;39m
[2024-01-15 19:32:07 [32mINFO [0;39m restartedMain] [org.springframework.boot.devtools.env.DevToolsPropertyDefaultsPostProcessor] [36mDevtools property defaults active! Set 'spring.devtools.add-properties' to 'false' to disable[0;39m
[2024-01-15 19:32:07 [32mINFO [0;39m restartedMain] [org.springframework.boot.devtools.env.DevToolsPropertyDefaultsPostProcessor] [36mFor additional web related logging consider setting the 'logging.level.web' property to 'DEBUG'[0;39m
[2024-01-15 19:32:08 [33mWARN [0;39m restartedMain] [org.mybatis.spring.mapper.ClassPathMapperScanner] [36mNo MyBatis mapper was found in '[com.preschool.preschooldemo]' package. Please check your configuration.[0;39m
[2024-01-15 19:32:08 [32mINFO [0;39m restartedMain] [org.springframework.boot.web.embedded.tomcat.TomcatWebServer] [36mTomcat initialized with port 8082 (http)[0;39m
[2024-01-15 19:32:08 [32mINFO [0;39m restartedMain] [org.apache.coyote.http11.Http11NioProtocol] [36mInitializing ProtocolHandler ["http-nio-8082"][0;39m
[2024-01-15 19:32:08 [32mINFO [0;39m restartedMain] [org.apache.catalina.core.StandardService] [36mStarting service [Tomcat][0;39m
[2024-01-15 19:32:08 [32mINFO [0;39m restartedMain] [org.apache.catalina.core.StandardEngine] [36mStarting Servlet engine: [Apache Tomcat/10.1.17][0;39m
[2024-01-15 19:32:08 [32mINFO [0;39m restartedMain] [org.apache.catalina.core.ContainerBase.[Tomcat].[localhost].[/]] [36mInitializing Spring embedded WebApplicationContext[0;39m
[2024-01-15 19:32:08 [32mINFO [0;39m restartedMain] [org.springframework.boot.web.servlet.context.ServletWebServerApplicationContext] [36mRoot WebApplicationContext: initialization completed in 829 ms[0;39m
[2024-01-15 19:32:08 [33mWARN [0;39m restartedMain] [org.springframework.boot.web.servlet.context.AnnotationConfigServletWebServerApplicationContext] [36mException encountered during context initialization - cancelling refresh attempt: org.springframework.beans.factory.BeanCreationException: Error creating bean with name 'dataSource' defined in class path resource [org/springframework/boot/autoconfigure/jdbc/DataSourceConfiguration$Hikari.class]: Failed to instantiate [com.zaxxer.hikari.HikariDataSource]: Factory method 'dataSource' threw exception with message: Failed to determine a suitable driver class[0;39m
[2024-01-15 19:32:08 [32mINFO [0;39m restartedMain] [org.apache.catalina.core.StandardService] [36mStopping service [Tomcat][0;39m
[2024-01-15 19:32:08 [32mINFO [0;39m restartedMain] [org.springframework.boot.autoconfigure.logging.ConditionEvaluationReportLogger] [36m

Error starting ApplicationContext. To display the condition evaluation report re-run your application with 'debug' enabled.[0;39m
[2024-01-15 19:32:08 [31mERROR[0;39m restartedMain] [org.springframework.boot.diagnostics.LoggingFailureAnalysisReporter] [36m

***************************
APPLICATION FAILED TO START
***************************

Description:

Failed to configure a DataSource: 'url' attribute is not specified and no embedded datasource could be configured.

Reason: Failed to determine a suitable driver class


Action:

Consider the following:
	If you want an embedded database (H2, HSQL or Derby), please put it on the classpath.
	If you have database settings to be loaded from a particular profile you may need to activate it (no profiles are currently active).
[0;39m
[2024-01-15 19:33:39 [32mINFO [0;39m restartedMain] [com.preschool.preschooldemo.PreschooldemoApplication] [36mStarting PreschooldemoApplication using Java 17.0.8.1 with PID 3132 (D:\Students\hyun\java\preschooldemo\build\classes\java\main started by Administrator in D:\Students\hyun\java\preschooldemo)[0;39m
[2024-01-15 19:33:39 [32mINFO [0;39m restartedMain] [com.preschool.preschooldemo.PreschooldemoApplication] [36mNo active profile set, falling back to 1 default profile: "default"[0;39m
[2024-01-15 19:33:39 [32mINFO [0;39m restartedMain] [org.springframework.boot.devtools.env.DevToolsPropertyDefaultsPostProcessor] [36mDevtools property defaults active! Set 'spring.devtools.add-properties' to 'false' to disable[0;39m
[2024-01-15 19:33:39 [32mINFO [0;39m restartedMain] [org.springframework.boot.devtools.env.DevToolsPropertyDefaultsPostProcessor] [36mFor additional web related logging consider setting the 'logging.level.web' property to 'DEBUG'[0;39m
[2024-01-15 19:33:39 [33mWARN [0;39m restartedMain] [org.mybatis.spring.mapper.ClassPathMapperScanner] [36mNo MyBatis mapper was found in '[com.preschool.preschooldemo]' package. Please check your configuration.[0;39m
[2024-01-15 19:33:39 [32mINFO [0;39m restartedMain] [org.springframework.boot.web.embedded.tomcat.TomcatWebServer] [36mTomcat initialized with port 8082 (http)[0;39m
[2024-01-15 19:33:39 [32mINFO [0;39m restartedMain] [org.apache.coyote.http11.Http11NioProtocol] [36mInitializing ProtocolHandler ["http-nio-8082"][0;39m
[2024-01-15 19:33:39 [32mINFO [0;39m restartedMain] [org.apache.catalina.core.StandardService] [36mStarting service [Tomcat][0;39m
[2024-01-15 19:33:39 [32mINFO [0;39m restartedMain] [org.apache.catalina.core.StandardEngine] [36mStarting Servlet engine: [Apache Tomcat/10.1.17][0;39m
[2024-01-15 19:33:40 [32mINFO [0;39m restartedMain] [org.apache.catalina.core.ContainerBase.[Tomcat].[localhost].[/]] [36mInitializing Spring embedded WebApplicationContext[0;39m
[2024-01-15 19:33:40 [32mINFO [0;39m restartedMain] [org.springframework.boot.web.servlet.context.ServletWebServerApplicationContext] [36mRoot WebApplicationContext: initialization completed in 841 ms[0;39m
[2024-01-15 19:33:40 [33mWARN [0;39m restartedMain] [org.springframework.boot.autoconfigure.security.servlet.UserDetailsServiceAutoConfiguration] [36m

Using generated security password: 18b47efd-a609-47a3-bff2-fd17196ae42b

This generated password is for development use only. Your security configuration must be updated before running your application in production.
[0;39m
[2024-01-15 19:33:40 [32mINFO [0;39m restartedMain] [org.springframework.security.web.DefaultSecurityFilterChain] [36mWill secure any request with [org.springframework.security.web.session.DisableEncodeUrlFilter@58ea92ec, org.springframework.security.web.context.request.async.WebAsyncManagerIntegrationFilter@6fb7af74, org.springframework.security.web.context.SecurityContextHolderFilter@7ad86684, org.springframework.security.web.header.HeaderWriterFilter@72100aac, org.springframework.web.filter.CorsFilter@7398fcab, org.springframework.security.web.csrf.CsrfFilter@dc8b650, org.springframework.security.web.authentication.logout.LogoutFilter@2b9720d, org.springframework.security.web.authentication.UsernamePasswordAuthenticationFilter@500a6b1d, org.springframework.security.web.authentication.ui.DefaultLoginPageGeneratingFilter@4cc8eea3, org.springframework.security.web.authentication.ui.DefaultLogoutPageGeneratingFilter@3dd641ca, org.springframework.security.web.authentication.www.BasicAuthenticationFilter@53cc94d9, org.springframework.security.web.savedrequest.RequestCacheAwareFilter@5e2845b, org.springframework.security.web.servletapi.SecurityContextHolderAwareRequestFilter@27458ae, org.springframework.security.web.authentication.AnonymousAuthenticationFilter@31a7c96e, org.springframework.security.web.access.ExceptionTranslationFilter@2bb1fe0d, org.springframework.security.web.access.intercept.AuthorizationFilter@9bbcadb][0;39m
[2024-01-15 19:33:40 [32mINFO [0;39m restartedMain] [org.springframework.boot.devtools.autoconfigure.OptionalLiveReloadServer] [36mLiveReload server is running on port 35729[0;39m
[2024-01-15 19:33:40 [32mINFO [0;39m restartedMain] [org.apache.coyote.http11.Http11NioProtocol] [36mStarting ProtocolHandler ["http-nio-8082"][0;39m
[2024-01-15 19:33:40 [32mINFO [0;39m restartedMain] [org.springframework.boot.web.embedded.tomcat.TomcatWebServer] [36mTomcat started on port 8082 (http) with context path ''[0;39m
[2024-01-15 19:33:40 [32mINFO [0;39m restartedMain] [com.preschool.preschooldemo.PreschooldemoApplication] [36mStarted PreschooldemoApplication in 1.792 seconds (process running for 2.197)[0;39m
[2024-01-15 19:33:55 [32mINFO [0;39m http-nio-8082-exec-1] [org.apache.catalina.core.ContainerBase.[Tomcat].[localhost].[/]] [36mInitializing Spring DispatcherServlet 'dispatcherServlet'[0;39m
[2024-01-15 19:33:55 [32mINFO [0;39m http-nio-8082-exec-1] [org.springframework.web.servlet.DispatcherServlet] [36mInitializing Servlet 'dispatcherServlet'[0;39m
[2024-01-15 19:33:55 [32mINFO [0;39m http-nio-8082-exec-1] [org.springframework.web.servlet.DispatcherServlet] [36mCompleted initialization in 1 ms[0;39m
[2024-01-15 19:36:08 [32mINFO [0;39m restartedMain] [com.preschool.preschooldemo.PreschooldemoApplication] [36mStarting PreschooldemoApplication using Java 17.0.8.1 with PID 5688 (D:\Students\hyun\java\preschooldemo\build\classes\java\main started by Administrator in D:\Students\hyun\java\preschooldemo)[0;39m
[2024-01-15 19:36:08 [32mINFO [0;39m restartedMain] [com.preschool.preschooldemo.PreschooldemoApplication] [36mNo active profile set, falling back to 1 default profile: "default"[0;39m
[2024-01-15 19:36:09 [32mINFO [0;39m restartedMain] [org.springframework.boot.devtools.env.DevToolsPropertyDefaultsPostProcessor] [36mDevtools property defaults active! Set 'spring.devtools.add-properties' to 'false' to disable[0;39m
[2024-01-15 19:36:09 [32mINFO [0;39m restartedMain] [org.springframework.boot.devtools.env.DevToolsPropertyDefaultsPostProcessor] [36mFor additional web related logging consider setting the 'logging.level.web' property to 'DEBUG'[0;39m
[2024-01-15 19:36:09 [33mWARN [0;39m restartedMain] [org.mybatis.spring.mapper.ClassPathMapperScanner] [36mNo MyBatis mapper was found in '[com.preschool.preschooldemo]' package. Please check your configuration.[0;39m
[2024-01-15 19:36:09 [32mINFO [0;39m restartedMain] [org.springframework.boot.web.embedded.tomcat.TomcatWebServer] [36mTomcat initialized with port 8082 (http)[0;39m
[2024-01-15 19:36:09 [32mINFO [0;39m restartedMain] [org.apache.coyote.http11.Http11NioProtocol] [36mInitializing ProtocolHandler ["http-nio-8082"][0;39m
[2024-01-15 19:36:09 [32mINFO [0;39m restartedMain] [org.apache.catalina.core.StandardService] [36mStarting service [Tomcat][0;39m
[2024-01-15 19:36:09 [32mINFO [0;39m restartedMain] [org.apache.catalina.core.StandardEngine] [36mStarting Servlet engine: [Apache Tomcat/10.1.17][0;39m
[2024-01-15 19:36:09 [32mINFO [0;39m restartedMain] [org.apache.catalina.core.ContainerBase.[Tomcat].[localhost].[/]] [36mInitializing Spring embedded WebApplicationContext[0;39m
[2024-01-15 19:36:09 [32mINFO [0;39m restartedMain] [org.springframework.boot.web.servlet.context.ServletWebServerApplicationContext] [36mRoot WebApplicationContext: initialization completed in 834 ms[0;39m
[2024-01-15 19:36:10 [33mWARN [0;39m restartedMain] [org.springframework.boot.autoconfigure.security.servlet.UserDetailsServiceAutoConfiguration] [36m

Using generated security password: 6743930e-ee98-4654-bf1b-45200033a53f

This generated password is for development use only. Your security configuration must be updated before running your application in production.
[0;39m
[2024-01-15 19:36:10 [32mINFO [0;39m restartedMain] [org.springframework.security.web.DefaultSecurityFilterChain] [36mWill secure any request with [org.springframework.security.web.session.DisableEncodeUrlFilter@6433d976, org.springframework.security.web.context.request.async.WebAsyncManagerIntegrationFilter@5b4047d3, org.springframework.security.web.context.SecurityContextHolderFilter@6899863c, org.springframework.security.web.header.HeaderWriterFilter@2ff21831, org.springframework.web.filter.CorsFilter@638d0b5, org.springframework.security.web.csrf.CsrfFilter@4c2e86cb, org.springframework.security.web.authentication.logout.LogoutFilter@11f8b672, org.springframework.security.web.authentication.UsernamePasswordAuthenticationFilter@70869846, org.springframework.security.web.authentication.ui.DefaultLoginPageGeneratingFilter@42f8e8cc, org.springframework.security.web.authentication.ui.DefaultLogoutPageGeneratingFilter@307b9574, org.springframework.security.web.authentication.www.BasicAuthenticationFilter@46ff266d, org.springframework.security.web.savedrequest.RequestCacheAwareFilter@257c3ea4, org.springframework.security.web.servletapi.SecurityContextHolderAwareRequestFilter@1eb46e67, org.springframework.security.web.authentication.AnonymousAuthenticationFilter@4af90264, org.springframework.security.web.access.ExceptionTranslationFilter@3e32fee6, org.springframework.security.web.access.intercept.AuthorizationFilter@18f8f6d2][0;39m
[2024-01-15 19:36:10 [32mINFO [0;39m restartedMain] [org.springframework.boot.devtools.autoconfigure.OptionalLiveReloadServer] [36mLiveReload server is running on port 35729[0;39m
[2024-01-15 19:36:10 [32mINFO [0;39m restartedMain] [org.apache.coyote.http11.Http11NioProtocol] [36mStarting ProtocolHandler ["http-nio-8082"][0;39m
[2024-01-15 19:36:10 [32mINFO [0;39m restartedMain] [org.springframework.boot.web.embedded.tomcat.TomcatWebServer] [36mTomcat started on port 8082 (http) with context path ''[0;39m
[2024-01-15 19:36:10 [32mINFO [0;39m restartedMain] [com.preschool.preschooldemo.PreschooldemoApplication] [36mStarted PreschooldemoApplication in 1.791 seconds (process running for 2.206)[0;39m
[2024-01-15 19:36:39 [32mINFO [0;39m restartedMain] [com.preschool.preschooldemo.PreschooldemoApplication] [36mStarting PreschooldemoApplication using Java 17.0.8.1 with PID 3300 (D:\Students\hyun\java\preschooldemo\build\classes\java\main started by Administrator in D:\Students\hyun\java\preschooldemo)[0;39m
[2024-01-15 19:36:39 [32mINFO [0;39m restartedMain] [com.preschool.preschooldemo.PreschooldemoApplication] [36mNo active profile set, falling back to 1 default profile: "default"[0;39m
[2024-01-15 19:36:39 [32mINFO [0;39m restartedMain] [org.springframework.boot.devtools.env.DevToolsPropertyDefaultsPostProcessor] [36mDevtools property defaults active! Set 'spring.devtools.add-properties' to 'false' to disable[0;39m
[2024-01-15 19:36:39 [32mINFO [0;39m restartedMain] [org.springframework.boot.devtools.env.DevToolsPropertyDefaultsPostProcessor] [36mFor additional web related logging consider setting the 'logging.level.web' property to 'DEBUG'[0;39m
[2024-01-15 19:36:39 [33mWARN [0;39m restartedMain] [org.mybatis.spring.mapper.ClassPathMapperScanner] [36mNo MyBatis mapper was found in '[com.preschool.preschooldemo]' package. Please check your configuration.[0;39m
[2024-01-15 19:36:40 [32mINFO [0;39m restartedMain] [org.springframework.boot.web.embedded.tomcat.TomcatWebServer] [36mTomcat initialized with port 8082 (http)[0;39m
[2024-01-15 19:36:40 [32mINFO [0;39m restartedMain] [org.apache.coyote.http11.Http11NioProtocol] [36mInitializing ProtocolHandler ["http-nio-8082"][0;39m
[2024-01-15 19:36:40 [32mINFO [0;39m restartedMain] [org.apache.catalina.core.StandardService] [36mStarting service [Tomcat][0;39m
[2024-01-15 19:36:40 [32mINFO [0;39m restartedMain] [org.apache.catalina.core.StandardEngine] [36mStarting Servlet engine: [Apache Tomcat/10.1.17][0;39m
[2024-01-15 19:36:40 [32mINFO [0;39m restartedMain] [org.apache.catalina.core.ContainerBase.[Tomcat].[localhost].[/]] [36mInitializing Spring embedded WebApplicationContext[0;39m
[2024-01-15 19:36:40 [32mINFO [0;39m restartedMain] [org.springframework.boot.web.servlet.context.ServletWebServerApplicationContext] [36mRoot WebApplicationContext: initialization completed in 843 ms[0;39m
[2024-01-15 19:36:40 [33mWARN [0;39m restartedMain] [org.springframework.boot.autoconfigure.security.servlet.UserDetailsServiceAutoConfiguration] [36m

Using generated security password: 8b5cb110-08df-480f-87b3-4a5088a0d4aa

This generated password is for development use only. Your security configuration must be updated before running your application in production.
[0;39m
[2024-01-15 19:36:40 [32mINFO [0;39m restartedMain] [org.springframework.security.web.DefaultSecurityFilterChain] [36mWill secure any request with [org.springframework.security.web.session.DisableEncodeUrlFilter@6fd224fb, org.springframework.security.web.context.request.async.WebAsyncManagerIntegrationFilter@45ec704f, org.springframework.security.web.context.SecurityContextHolderFilter@66dd4c6e, org.springframework.security.web.header.HeaderWriterFilter@3a772842, org.springframework.web.filter.CorsFilter@7d29b0e6, org.springframework.security.web.csrf.CsrfFilter@60e46ddb, org.springframework.security.web.authentication.logout.LogoutFilter@554a2188, org.springframework.security.web.authentication.UsernamePasswordAuthenticationFilter@297d7a37, org.springframework.security.web.authentication.ui.DefaultLoginPageGeneratingFilter@3778f2a1, org.springframework.security.web.authentication.ui.DefaultLogoutPageGeneratingFilter@75db50c4, org.springframework.security.web.authentication.www.BasicAuthenticationFilter@4c3cc513, org.springframework.security.web.savedrequest.RequestCacheAwareFilter@18e96240, org.springframework.security.web.servletapi.SecurityContextHolderAwareRequestFilter@4faf8d53, org.springframework.security.web.authentication.AnonymousAuthenticationFilter@b504778, org.springframework.security.web.access.ExceptionTranslationFilter@751d24fa, org.springframework.security.web.access.intercept.AuthorizationFilter@7c022b7f][0;39m
[2024-01-15 19:36:40 [32mINFO [0;39m restartedMain] [org.springframework.boot.devtools.autoconfigure.OptionalLiveReloadServer] [36mLiveReload server is running on port 35729[0;39m
[2024-01-15 19:36:40 [32mINFO [0;39m restartedMain] [org.apache.coyote.http11.Http11NioProtocol] [36mStarting ProtocolHandler ["http-nio-8082"][0;39m
[2024-01-15 19:36:40 [32mINFO [0;39m restartedMain] [org.springframework.boot.web.embedded.tomcat.TomcatWebServer] [36mTomcat started on port 8082 (http) with context path ''[0;39m
[2024-01-15 19:36:40 [32mINFO [0;39m restartedMain] [com.preschool.preschooldemo.PreschooldemoApplication] [36mStarted PreschooldemoApplication in 1.823 seconds (process running for 2.239)[0;39m
[2024-01-15 19:36:51 [32mINFO [0;39m http-nio-8082-exec-1] [org.apache.catalina.core.ContainerBase.[Tomcat].[localhost].[/]] [36mInitializing Spring DispatcherServlet 'dispatcherServlet'[0;39m
[2024-01-15 19:36:51 [32mINFO [0;39m http-nio-8082-exec-1] [org.springframework.web.servlet.DispatcherServlet] [36mInitializing Servlet 'dispatcherServlet'[0;39m
[2024-01-15 19:36:51 [32mINFO [0;39m http-nio-8082-exec-1] [org.springframework.web.servlet.DispatcherServlet] [36mCompleted initialization in 1 ms[0;39m
[2024-01-15 19:37:26 [32mINFO [0;39m restartedMain] [com.preschool.preschooldemo.PreschooldemoApplication] [36mStarting PreschooldemoApplication using Java 17.0.8.1 with PID 10436 (D:\Students\hyun\java\preschooldemo\build\classes\java\main started by Administrator in D:\Students\hyun\java\preschooldemo)[0;39m
[2024-01-15 19:37:26 [32mINFO [0;39m restartedMain] [com.preschool.preschooldemo.PreschooldemoApplication] [36mNo active profile set, falling back to 1 default profile: "default"[0;39m
[2024-01-15 19:37:26 [32mINFO [0;39m restartedMain] [org.springframework.boot.devtools.env.DevToolsPropertyDefaultsPostProcessor] [36mDevtools property defaults active! Set 'spring.devtools.add-properties' to 'false' to disable[0;39m
[2024-01-15 19:37:26 [32mINFO [0;39m restartedMain] [org.springframework.boot.devtools.env.DevToolsPropertyDefaultsPostProcessor] [36mFor additional web related logging consider setting the 'logging.level.web' property to 'DEBUG'[0;39m
[2024-01-15 19:37:27 [33mWARN [0;39m restartedMain] [org.mybatis.spring.mapper.ClassPathMapperScanner] [36mNo MyBatis mapper was found in '[com.preschool.preschooldemo]' package. Please check your configuration.[0;39m
[2024-01-15 19:37:27 [32mINFO [0;39m restartedMain] [org.springframework.boot.web.embedded.tomcat.TomcatWebServer] [36mTomcat initialized with port 8082 (http)[0;39m
[2024-01-15 19:37:27 [32mINFO [0;39m restartedMain] [org.apache.coyote.http11.Http11NioProtocol] [36mInitializing ProtocolHandler ["http-nio-8082"][0;39m
[2024-01-15 19:37:27 [32mINFO [0;39m restartedMain] [org.apache.catalina.core.StandardService] [36mStarting service [Tomcat][0;39m
[2024-01-15 19:37:27 [32mINFO [0;39m restartedMain] [org.apache.catalina.core.StandardEngine] [36mStarting Servlet engine: [Apache Tomcat/10.1.17][0;39m
[2024-01-15 19:37:27 [32mINFO [0;39m restartedMain] [org.apache.catalina.core.ContainerBase.[Tomcat].[localhost].[/]] [36mInitializing Spring embedded WebApplicationContext[0;39m
[2024-01-15 19:37:27 [32mINFO [0;39m restartedMain] [org.springframework.boot.web.servlet.context.ServletWebServerApplicationContext] [36mRoot WebApplicationContext: initialization completed in 794 ms[0;39m
[2024-01-15 19:37:28 [32mINFO [0;39m restartedMain] [org.springframework.boot.devtools.autoconfigure.OptionalLiveReloadServer] [36mLiveReload server is running on port 35729[0;39m
[2024-01-15 19:37:28 [32mINFO [0;39m restartedMain] [org.apache.coyote.http11.Http11NioProtocol] [36mStarting ProtocolHandler ["http-nio-8082"][0;39m
[2024-01-15 19:37:28 [32mINFO [0;39m restartedMain] [org.springframework.boot.web.embedded.tomcat.TomcatWebServer] [36mTomcat started on port 8082 (http) with context path ''[0;39m
[2024-01-15 19:37:28 [32mINFO [0;39m restartedMain] [com.preschool.preschooldemo.PreschooldemoApplication] [36mStarted PreschooldemoApplication in 1.636 seconds (process running for 2.039)[0;39m
[2024-01-15 19:37:36 [32mINFO [0;39m http-nio-8082-exec-1] [org.apache.catalina.core.ContainerBase.[Tomcat].[localhost].[/]] [36mInitializing Spring DispatcherServlet 'dispatcherServlet'[0;39m
[2024-01-15 19:37:36 [32mINFO [0;39m http-nio-8082-exec-1] [org.springframework.web.servlet.DispatcherServlet] [36mInitializing Servlet 'dispatcherServlet'[0;39m
[2024-01-15 19:37:36 [32mINFO [0;39m http-nio-8082-exec-1] [org.springframework.web.servlet.DispatcherServlet] [36mCompleted initialization in 0 ms[0;39m
[2024-01-15 19:37:36 [32mINFO [0;39m http-nio-8082-exec-9] [org.springdoc.api.AbstractOpenApiResource] [36mInit duration for springdoc-openapi is: 60 ms[0;39m
[2024-01-15 19:40:34 [32mINFO [0;39m restartedMain] [com.preschool.preschooldemo.PreschooldemoApplication] [36mStarting PreschooldemoApplication using Java 17.0.8.1 with PID 3440 (D:\Students\hyun\java\preschooldemo\build\classes\java\main started by Administrator in D:\Students\hyun\java\preschooldemo)[0;39m
[2024-01-15 19:40:34 [32mINFO [0;39m restartedMain] [com.preschool.preschooldemo.PreschooldemoApplication] [36mNo active profile set, falling back to 1 default profile: "default"[0;39m
[2024-01-15 19:40:34 [32mINFO [0;39m restartedMain] [org.springframework.boot.devtools.env.DevToolsPropertyDefaultsPostProcessor] [36mDevtools property defaults active! Set 'spring.devtools.add-properties' to 'false' to disable[0;39m
[2024-01-15 19:40:34 [32mINFO [0;39m restartedMain] [org.springframework.boot.devtools.env.DevToolsPropertyDefaultsPostProcessor] [36mFor additional web related logging consider setting the 'logging.level.web' property to 'DEBUG'[0;39m
[2024-01-15 19:40:34 [33mWARN [0;39m restartedMain] [org.mybatis.spring.mapper.ClassPathMapperScanner] [36mNo MyBatis mapper was found in '[com.preschool.preschooldemo]' package. Please check your configuration.[0;39m
[2024-01-15 19:40:34 [32mINFO [0;39m restartedMain] [org.springframework.boot.web.embedded.tomcat.TomcatWebServer] [36mTomcat initialized with port 8082 (http)[0;39m
[2024-01-15 19:40:34 [32mINFO [0;39m restartedMain] [org.apache.coyote.http11.Http11NioProtocol] [36mInitializing ProtocolHandler ["http-nio-8082"][0;39m
[2024-01-15 19:40:34 [32mINFO [0;39m restartedMain] [org.apache.catalina.core.StandardService] [36mStarting service [Tomcat][0;39m
[2024-01-15 19:40:34 [32mINFO [0;39m restartedMain] [org.apache.catalina.core.StandardEngine] [36mStarting Servlet engine: [Apache Tomcat/10.1.17][0;39m
[2024-01-15 19:40:34 [32mINFO [0;39m restartedMain] [org.apache.catalina.core.ContainerBase.[Tomcat].[localhost].[/]] [36mInitializing Spring embedded WebApplicationContext[0;39m
[2024-01-15 19:40:34 [32mINFO [0;39m restartedMain] [org.springframework.boot.web.servlet.context.ServletWebServerApplicationContext] [36mRoot WebApplicationContext: initialization completed in 790 ms[0;39m
[2024-01-15 19:40:35 [32mINFO [0;39m restartedMain] [org.springframework.boot.devtools.autoconfigure.OptionalLiveReloadServer] [36mLiveReload server is running on port 35729[0;39m
[2024-01-15 19:40:35 [32mINFO [0;39m restartedMain] [org.apache.coyote.http11.Http11NioProtocol] [36mStarting ProtocolHandler ["http-nio-8082"][0;39m
[2024-01-15 19:40:35 [32mINFO [0;39m restartedMain] [org.springframework.boot.web.embedded.tomcat.TomcatWebServer] [36mTomcat started on port 8082 (http) with context path ''[0;39m
[2024-01-15 19:40:35 [32mINFO [0;39m restartedMain] [com.preschool.preschooldemo.PreschooldemoApplication] [36mStarted PreschooldemoApplication in 1.632 seconds (process running for 2.031)[0;39m
[2024-01-15 19:40:38 [32mINFO [0;39m http-nio-8082-exec-1] [org.apache.catalina.core.ContainerBase.[Tomcat].[localhost].[/]] [36mInitializing Spring DispatcherServlet 'dispatcherServlet'[0;39m
[2024-01-15 19:40:38 [32mINFO [0;39m http-nio-8082-exec-1] [org.springframework.web.servlet.DispatcherServlet] [36mInitializing Servlet 'dispatcherServlet'[0;39m
[2024-01-15 19:40:38 [32mINFO [0;39m http-nio-8082-exec-1] [org.springframework.web.servlet.DispatcherServlet] [36mCompleted initialization in 0 ms[0;39m
[2024-01-15 19:40:39 [32mINFO [0;39m http-nio-8082-exec-10] [org.springdoc.api.AbstractOpenApiResource] [36mInit duration for springdoc-openapi is: 55 ms[0;39m
[2024-01-15 19:42:06 [32mINFO [0;39m File Watcher] [org.springframework.boot.devtools.autoconfigure.LocalDevToolsAutoConfiguration$RestartingClassPathChangeChangedEventListener] [36mRestarting due to 4 class path changes (1 addition, 0 deletions, 3 modifications)[0;39m
[2024-01-15 19:42:06 [32mINFO [0;39m Thread-5] [org.apache.coyote.http11.Http11NioProtocol] [36mStopping ProtocolHandler ["http-nio-8082"][0;39m
[2024-01-15 19:42:06 [32mINFO [0;39m restartedMain] [com.preschool.preschooldemo.PreschooldemoApplication] [36mStarting PreschooldemoApplication using Java 17.0.8.1 with PID 3440 (D:\Students\hyun\java\preschooldemo\build\classes\java\main started by Administrator in D:\Students\hyun\java\preschooldemo)[0;39m
[2024-01-15 19:42:06 [32mINFO [0;39m restartedMain] [com.preschool.preschooldemo.PreschooldemoApplication] [36mNo active profile set, falling back to 1 default profile: "default"[0;39m
[2024-01-15 19:42:06 [33mWARN [0;39m restartedMain] [org.mybatis.spring.mapper.ClassPathMapperScanner] [36mNo MyBatis mapper was found in '[com.preschool.preschooldemo]' package. Please check your configuration.[0;39m
[2024-01-15 19:42:06 [32mINFO [0;39m restartedMain] [org.springframework.boot.web.embedded.tomcat.TomcatWebServer] [36mTomcat initialized with port 8082 (http)[0;39m
[2024-01-15 19:42:06 [32mINFO [0;39m restartedMain] [org.apache.coyote.http11.Http11NioProtocol] [36mInitializing ProtocolHandler ["http-nio-8082"][0;39m
[2024-01-15 19:42:06 [32mINFO [0;39m restartedMain] [org.apache.catalina.core.StandardService] [36mStarting service [Tomcat][0;39m
[2024-01-15 19:42:06 [32mINFO [0;39m restartedMain] [org.apache.catalina.core.StandardEngine] [36mStarting Servlet engine: [Apache Tomcat/10.1.17][0;39m
[2024-01-15 19:42:06 [32mINFO [0;39m restartedMain] [org.apache.catalina.core.ContainerBase.[Tomcat].[localhost].[/]] [36mInitializing Spring embedded WebApplicationContext[0;39m
[2024-01-15 19:42:06 [32mINFO [0;39m restartedMain] [org.springframework.boot.web.servlet.context.ServletWebServerApplicationContext] [36mRoot WebApplicationContext: initialization completed in 193 ms[0;39m
[2024-01-15 19:42:06 [32mINFO [0;39m restartedMain] [org.springframework.boot.devtools.autoconfigure.OptionalLiveReloadServer] [36mLiveReload server is running on port 35729[0;39m
[2024-01-15 19:42:06 [32mINFO [0;39m restartedMain] [org.apache.coyote.http11.Http11NioProtocol] [36mStarting ProtocolHandler ["http-nio-8082"][0;39m
[2024-01-15 19:42:06 [32mINFO [0;39m restartedMain] [org.springframework.boot.web.embedded.tomcat.TomcatWebServer] [36mTomcat started on port 8082 (http) with context path ''[0;39m
[2024-01-15 19:42:06 [32mINFO [0;39m restartedMain] [com.preschool.preschooldemo.PreschooldemoApplication] [36mStarted PreschooldemoApplication in 0.315 seconds (process running for 93.075)[0;39m
[2024-01-15 19:42:06 [32mINFO [0;39m restartedMain] [org.springframework.boot.devtools.autoconfigure.ConditionEvaluationDeltaLoggingListener] [36mCondition evaluation unchanged[0;39m
[2024-01-15 19:42:23 [32mINFO [0;39m restartedMain] [com.preschool.preschooldemo.PreschooldemoApplication] [36mStarting PreschooldemoApplication using Java 17.0.8.1 with PID 4128 (D:\Students\hyun\java\preschooldemo\build\classes\java\main started by Administrator in D:\Students\hyun\java\preschooldemo)[0;39m
[2024-01-15 19:42:23 [32mINFO [0;39m restartedMain] [com.preschool.preschooldemo.PreschooldemoApplication] [36mNo active profile set, falling back to 1 default profile: "default"[0;39m
[2024-01-15 19:42:23 [32mINFO [0;39m restartedMain] [org.springframework.boot.devtools.env.DevToolsPropertyDefaultsPostProcessor] [36mDevtools property defaults active! Set 'spring.devtools.add-properties' to 'false' to disable[0;39m
[2024-01-15 19:42:23 [32mINFO [0;39m restartedMain] [org.springframework.boot.devtools.env.DevToolsPropertyDefaultsPostProcessor] [36mFor additional web related logging consider setting the 'logging.level.web' property to 'DEBUG'[0;39m
[2024-01-15 19:42:24 [33mWARN [0;39m restartedMain] [org.mybatis.spring.mapper.ClassPathMapperScanner] [36mNo MyBatis mapper was found in '[com.preschool.preschooldemo]' package. Please check your configuration.[0;39m
[2024-01-15 19:42:24 [32mINFO [0;39m restartedMain] [org.springframework.boot.web.embedded.tomcat.TomcatWebServer] [36mTomcat initialized with port 8082 (http)[0;39m
[2024-01-15 19:42:24 [32mINFO [0;39m restartedMain] [org.apache.coyote.http11.Http11NioProtocol] [36mInitializing ProtocolHandler ["http-nio-8082"][0;39m
[2024-01-15 19:42:24 [32mINFO [0;39m restartedMain] [org.apache.catalina.core.StandardService] [36mStarting service [Tomcat][0;39m
[2024-01-15 19:42:24 [32mINFO [0;39m restartedMain] [org.apache.catalina.core.StandardEngine] [36mStarting Servlet engine: [Apache Tomcat/10.1.17][0;39m
[2024-01-15 19:42:24 [32mINFO [0;39m restartedMain] [org.apache.catalina.core.ContainerBase.[Tomcat].[localhost].[/]] [36mInitializing Spring embedded WebApplicationContext[0;39m
[2024-01-15 19:42:24 [32mINFO [0;39m restartedMain] [org.springframework.boot.web.servlet.context.ServletWebServerApplicationContext] [36mRoot WebApplicationContext: initialization completed in 802 ms[0;39m
[2024-01-15 19:42:24 [32mINFO [0;39m restartedMain] [org.springframework.boot.devtools.autoconfigure.OptionalLiveReloadServer] [36mLiveReload server is running on port 35729[0;39m
[2024-01-15 19:42:24 [32mINFO [0;39m restartedMain] [org.apache.coyote.http11.Http11NioProtocol] [36mStarting ProtocolHandler ["http-nio-8082"][0;39m
[2024-01-15 19:42:24 [32mINFO [0;39m restartedMain] [org.springframework.boot.web.embedded.tomcat.TomcatWebServer] [36mTomcat started on port 8082 (http) with context path ''[0;39m
[2024-01-15 19:42:24 [32mINFO [0;39m restartedMain] [com.preschool.preschooldemo.PreschooldemoApplication] [36mStarted PreschooldemoApplication in 1.707 seconds (process running for 2.125)[0;39m
[2024-01-15 19:42:26 [32mINFO [0;39m http-nio-8082-exec-1] [org.apache.catalina.core.ContainerBase.[Tomcat].[localhost].[/]] [36mInitializing Spring DispatcherServlet 'dispatcherServlet'[0;39m
[2024-01-15 19:42:26 [32mINFO [0;39m http-nio-8082-exec-1] [org.springframework.web.servlet.DispatcherServlet] [36mInitializing Servlet 'dispatcherServlet'[0;39m
[2024-01-15 19:42:26 [32mINFO [0;39m http-nio-8082-exec-1] [org.springframework.web.servlet.DispatcherServlet] [36mCompleted initialization in 1 ms[0;39m
[2024-01-15 19:42:26 [32mINFO [0;39m http-nio-8082-exec-2] [org.springdoc.api.AbstractOpenApiResource] [36mInit duration for springdoc-openapi is: 55 ms[0;39m
[2024-01-15 19:44:59 [32mINFO [0;39m restartedMain] [com.preschool.preschooldemo.PreschooldemoApplication] [36mStarting PreschooldemoApplication using Java 17.0.8.1 with PID 7096 (D:\Students\hyun\java\preschooldemo\build\classes\java\main started by Administrator in D:\Students\hyun\java\preschooldemo)[0;39m
[2024-01-15 19:44:59 [32mINFO [0;39m restartedMain] [com.preschool.preschooldemo.PreschooldemoApplication] [36mNo active profile set, falling back to 1 default profile: "default"[0;39m
[2024-01-15 19:44:59 [32mINFO [0;39m restartedMain] [org.springframework.boot.devtools.env.DevToolsPropertyDefaultsPostProcessor] [36mDevtools property defaults active! Set 'spring.devtools.add-properties' to 'false' to disable[0;39m
[2024-01-15 19:44:59 [32mINFO [0;39m restartedMain] [org.springframework.boot.devtools.env.DevToolsPropertyDefaultsPostProcessor] [36mFor additional web related logging consider setting the 'logging.level.web' property to 'DEBUG'[0;39m
[2024-01-15 19:45:00 [33mWARN [0;39m restartedMain] [org.mybatis.spring.mapper.ClassPathMapperScanner] [36mNo MyBatis mapper was found in '[com.preschool.preschooldemo]' package. Please check your configuration.[0;39m
[2024-01-15 19:45:00 [32mINFO [0;39m restartedMain] [org.springframework.boot.web.embedded.tomcat.TomcatWebServer] [36mTomcat initialized with port 8082 (http)[0;39m
[2024-01-15 19:45:00 [32mINFO [0;39m restartedMain] [org.springframework.boot.web.servlet.context.ServletWebServerApplicationContext] [36mRoot WebApplicationContext: initialization completed in 1161 ms[0;39m
[2024-01-15 19:45:01 [32mINFO [0;39m restartedMain] [org.springframework.boot.devtools.autoconfigure.OptionalLiveReloadServer] [36mLiveReload server is running on port 35729[0;39m
[2024-01-15 19:45:01 [32mINFO [0;39m restartedMain] [org.springframework.boot.web.embedded.tomcat.TomcatWebServer] [36mTomcat started on port 8082 (http) with context path ''[0;39m
[2024-01-15 19:45:01 [32mINFO [0;39m restartedMain] [com.preschool.preschooldemo.PreschooldemoApplication] [36mStarted PreschooldemoApplication in 2.295 seconds (process running for 2.809)[0;39m
[2024-01-15 19:45:03 [32mINFO [0;39m restartedMain] [com.preschool.preschooldemo.PreschooldemoApplication] [36mStarting PreschooldemoApplication using Java 17.0.8.1 with PID 6312 (D:\Students\hyun\java\preschooldemo\build\classes\java\main started by Administrator in D:\Students\hyun\java\preschooldemo)[0;39m
[2024-01-15 19:45:03 [32mINFO [0;39m restartedMain] [com.preschool.preschooldemo.PreschooldemoApplication] [36mNo active profile set, falling back to 1 default profile: "default"[0;39m
[2024-01-15 19:45:03 [32mINFO [0;39m restartedMain] [org.springframework.boot.devtools.env.DevToolsPropertyDefaultsPostProcessor] [36mDevtools property defaults active! Set 'spring.devtools.add-properties' to 'false' to disable[0;39m
[2024-01-15 19:45:03 [32mINFO [0;39m restartedMain] [org.springframework.boot.devtools.env.DevToolsPropertyDefaultsPostProcessor] [36mFor additional web related logging consider setting the 'logging.level.web' property to 'DEBUG'[0;39m
[2024-01-15 19:45:04 [33mWARN [0;39m restartedMain] [org.mybatis.spring.mapper.ClassPathMapperScanner] [36mNo MyBatis mapper was found in '[com.preschool.preschooldemo]' package. Please check your configuration.[0;39m
[2024-01-15 19:45:04 [32mINFO [0;39m restartedMain] [org.springframework.boot.web.embedded.tomcat.TomcatWebServer] [36mTomcat initialized with port 8082 (http)[0;39m
[2024-01-15 19:45:04 [32mINFO [0;39m restartedMain] [org.apache.coyote.http11.Http11NioProtocol] [36mInitializing ProtocolHandler ["http-nio-8082"][0;39m
[2024-01-15 19:45:04 [32mINFO [0;39m restartedMain] [org.apache.catalina.core.StandardService] [36mStarting service [Tomcat][0;39m
[2024-01-15 19:45:04 [32mINFO [0;39m restartedMain] [org.apache.catalina.core.StandardEngine] [36mStarting Servlet engine: [Apache Tomcat/10.1.17][0;39m
[2024-01-15 19:45:04 [32mINFO [0;39m restartedMain] [org.apache.catalina.core.ContainerBase.[Tomcat].[localhost].[/]] [36mInitializing Spring embedded WebApplicationContext[0;39m
[2024-01-15 19:45:04 [32mINFO [0;39m restartedMain] [org.springframework.boot.web.servlet.context.ServletWebServerApplicationContext] [36mRoot WebApplicationContext: initialization completed in 784 ms[0;39m
[2024-01-15 19:45:05 [32mINFO [0;39m restartedMain] [org.springframework.boot.devtools.autoconfigure.OptionalLiveReloadServer] [36mLiveReload server is running on port 35729[0;39m
[2024-01-15 19:45:05 [32mINFO [0;39m restartedMain] [org.apache.coyote.http11.Http11NioProtocol] [36mStarting ProtocolHandler ["http-nio-8082"][0;39m
[2024-01-15 19:45:05 [32mINFO [0;39m restartedMain] [org.springframework.boot.web.embedded.tomcat.TomcatWebServer] [36mTomcat started on port 8082 (http) with context path ''[0;39m
[2024-01-15 19:45:05 [32mINFO [0;39m restartedMain] [com.preschool.preschooldemo.PreschooldemoApplication] [36mStarted PreschooldemoApplication in 1.642 seconds (process running for 2.043)[0;39m
[2024-01-15 19:45:10 [32mINFO [0;39m http-nio-8082-exec-1] [org.apache.catalina.core.ContainerBase.[Tomcat].[localhost].[/]] [36mInitializing Spring DispatcherServlet 'dispatcherServlet'[0;39m
[2024-01-15 19:45:10 [32mINFO [0;39m http-nio-8082-exec-1] [org.springframework.web.servlet.DispatcherServlet] [36mInitializing Servlet 'dispatcherServlet'[0;39m
[2024-01-15 19:45:10 [32mINFO [0;39m http-nio-8082-exec-1] [org.springframework.web.servlet.DispatcherServlet] [36mCompleted initialization in 1 ms[0;39m
[2024-01-15 19:45:10 [32mINFO [0;39m http-nio-8082-exec-8] [org.springdoc.api.AbstractOpenApiResource] [36mInit duration for springdoc-openapi is: 59 ms[0;39m
[2024-01-15 19:47:05 [32mINFO [0;39m File Watcher] [org.springframework.boot.devtools.autoconfigure.LocalDevToolsAutoConfiguration$RestartingClassPathChangeChangedEventListener] [36mRestarting due to 1 class path change (0 additions, 1 deletion, 0 modifications)[0;39m
[2024-01-15 19:47:05 [32mINFO [0;39m Thread-5] [org.apache.coyote.http11.Http11NioProtocol] [36mStopping ProtocolHandler ["http-nio-8082"][0;39m
[2024-01-15 19:47:05 [32mINFO [0;39m restartedMain] [com.preschool.preschooldemo.PreschooldemoApplication] [36mStarting PreschooldemoApplication using Java 17.0.8.1 with PID 6312 (D:\Students\hyun\java\preschooldemo\build\classes\java\main started by Administrator in D:\Students\hyun\java\preschooldemo)[0;39m
[2024-01-15 19:47:05 [32mINFO [0;39m restartedMain] [com.preschool.preschooldemo.PreschooldemoApplication] [36mNo active profile set, falling back to 1 default profile: "default"[0;39m
[2024-01-15 19:47:05 [33mWARN [0;39m restartedMain] [org.mybatis.spring.mapper.ClassPathMapperScanner] [36mNo MyBatis mapper was found in '[com.preschool.preschooldemo]' package. Please check your configuration.[0;39m
[2024-01-15 19:47:05 [32mINFO [0;39m restartedMain] [org.springframework.boot.web.embedded.tomcat.TomcatWebServer] [36mTomcat initialized with port 8082 (http)[0;39m
[2024-01-15 19:47:05 [32mINFO [0;39m restartedMain] [org.apache.coyote.http11.Http11NioProtocol] [36mInitializing ProtocolHandler ["http-nio-8082"][0;39m
[2024-01-15 19:47:05 [32mINFO [0;39m restartedMain] [org.apache.catalina.core.StandardService] [36mStarting service [Tomcat][0;39m
[2024-01-15 19:47:05 [32mINFO [0;39m restartedMain] [org.apache.catalina.core.StandardEngine] [36mStarting Servlet engine: [Apache Tomcat/10.1.17][0;39m
[2024-01-15 19:47:05 [32mINFO [0;39m restartedMain] [org.apache.catalina.core.ContainerBase.[Tomcat].[localhost].[/]] [36mInitializing Spring embedded WebApplicationContext[0;39m
[2024-01-15 19:47:05 [32mINFO [0;39m restartedMain] [org.springframework.boot.web.servlet.context.ServletWebServerApplicationContext] [36mRoot WebApplicationContext: initialization completed in 225 ms[0;39m
[2024-01-15 19:47:05 [32mINFO [0;39m restartedMain] [org.springframework.boot.devtools.autoconfigure.OptionalLiveReloadServer] [36mLiveReload server is running on port 35729[0;39m
[2024-01-15 19:47:05 [32mINFO [0;39m restartedMain] [org.apache.coyote.http11.Http11NioProtocol] [36mStarting ProtocolHandler ["http-nio-8082"][0;39m
[2024-01-15 19:47:05 [32mINFO [0;39m restartedMain] [org.springframework.boot.web.embedded.tomcat.TomcatWebServer] [36mTomcat started on port 8082 (http) with context path ''[0;39m
[2024-01-15 19:47:05 [32mINFO [0;39m restartedMain] [com.preschool.preschooldemo.PreschooldemoApplication] [36mStarted PreschooldemoApplication in 0.37 seconds (process running for 122.643)[0;39m
[2024-01-15 19:47:05 [32mINFO [0;39m restartedMain] [org.springframework.boot.devtools.autoconfigure.ConditionEvaluationDeltaLoggingListener] [36mCondition evaluation unchanged[0;39m
[2024-01-15 19:47:07 [32mINFO [0;39m File Watcher] [org.springframework.boot.devtools.autoconfigure.LocalDevToolsAutoConfiguration$RestartingClassPathChangeChangedEventListener] [36mRestarting due to 1 class path change (1 addition, 0 deletions, 0 modifications)[0;39m
[2024-01-15 19:47:07 [32mINFO [0;39m Thread-7] [org.apache.coyote.http11.Http11NioProtocol] [36mStopping ProtocolHandler ["http-nio-8082"][0;39m
[2024-01-15 19:47:07 [32mINFO [0;39m restartedMain] [com.preschool.preschooldemo.PreschooldemoApplication] [36mStarting PreschooldemoApplication using Java 17.0.8.1 with PID 6312 (D:\Students\hyun\java\preschooldemo\build\classes\java\main started by Administrator in D:\Students\hyun\java\preschooldemo)[0;39m
[2024-01-15 19:47:07 [32mINFO [0;39m restartedMain] [com.preschool.preschooldemo.PreschooldemoApplication] [36mNo active profile set, falling back to 1 default profile: "default"[0;39m
[2024-01-15 19:47:07 [33mWARN [0;39m restartedMain] [org.mybatis.spring.mapper.ClassPathMapperScanner] [36mNo MyBatis mapper was found in '[com.preschool.preschooldemo]' package. Please check your configuration.[0;39m
[2024-01-15 19:47:07 [32mINFO [0;39m restartedMain] [org.springframework.boot.web.embedded.tomcat.TomcatWebServer] [36mTomcat initialized with port 8082 (http)[0;39m
[2024-01-15 19:47:07 [32mINFO [0;39m restartedMain] [org.apache.coyote.http11.Http11NioProtocol] [36mInitializing ProtocolHandler ["http-nio-8082"][0;39m
[2024-01-15 19:47:07 [32mINFO [0;39m restartedMain] [org.apache.catalina.core.StandardService] [36mStarting service [Tomcat][0;39m
[2024-01-15 19:47:07 [32mINFO [0;39m restartedMain] [org.apache.catalina.core.StandardEngine] [36mStarting Servlet engine: [Apache Tomcat/10.1.17][0;39m
[2024-01-15 19:47:07 [32mINFO [0;39m restartedMain] [org.apache.catalina.core.ContainerBase.[Tomcat].[localhost].[/]] [36mInitializing Spring embedded WebApplicationContext[0;39m
[2024-01-15 19:47:07 [32mINFO [0;39m restartedMain] [org.springframework.boot.web.servlet.context.ServletWebServerApplicationContext] [36mRoot WebApplicationContext: initialization completed in 175 ms[0;39m
[2024-01-15 19:47:07 [32mINFO [0;39m restartedMain] [org.springframework.boot.devtools.autoconfigure.OptionalLiveReloadServer] [36mLiveReload server is running on port 35729[0;39m
[2024-01-15 19:47:07 [32mINFO [0;39m restartedMain] [org.apache.coyote.http11.Http11NioProtocol] [36mStarting ProtocolHandler ["http-nio-8082"][0;39m
[2024-01-15 19:47:07 [32mINFO [0;39m restartedMain] [org.springframework.boot.web.embedded.tomcat.TomcatWebServer] [36mTomcat started on port 8082 (http) with context path ''[0;39m
[2024-01-15 19:47:07 [32mINFO [0;39m restartedMain] [com.preschool.preschooldemo.PreschooldemoApplication] [36mStarted PreschooldemoApplication in 0.291 seconds (process running for 124.399)[0;39m
[2024-01-15 19:47:07 [32mINFO [0;39m restartedMain] [org.springframework.boot.devtools.autoconfigure.ConditionEvaluationDeltaLoggingListener] [36mCondition evaluation unchanged[0;39m
[2024-01-15 19:50:54 [32mINFO [0;39m File Watcher] [org.springframework.boot.devtools.autoconfigure.LocalDevToolsAutoConfiguration$RestartingClassPathChangeChangedEventListener] [36mRestarting due to 1 class path change (0 additions, 1 deletion, 0 modifications)[0;39m
[2024-01-15 19:50:54 [32mINFO [0;39m Thread-11] [org.apache.coyote.http11.Http11NioProtocol] [36mStopping ProtocolHandler ["http-nio-8082"][0;39m
[2024-01-15 19:50:54 [32mINFO [0;39m restartedMain] [com.preschool.preschooldemo.PreschooldemoApplication] [36mStarting PreschooldemoApplication using Java 17.0.8.1 with PID 6312 (D:\Students\hyun\java\preschooldemo\build\classes\java\main started by Administrator in D:\Students\hyun\java\preschooldemo)[0;39m
[2024-01-15 19:50:54 [32mINFO [0;39m restartedMain] [com.preschool.preschooldemo.PreschooldemoApplication] [36mNo active profile set, falling back to 1 default profile: "default"[0;39m
[2024-01-15 19:50:54 [33mWARN [0;39m restartedMain] [org.mybatis.spring.mapper.ClassPathMapperScanner] [36mNo MyBatis mapper was found in '[com.preschool.preschooldemo]' package. Please check your configuration.[0;39m
[2024-01-15 19:50:54 [32mINFO [0;39m restartedMain] [org.springframework.boot.web.embedded.tomcat.TomcatWebServer] [36mTomcat initialized with port 8082 (http)[0;39m
[2024-01-15 19:50:54 [32mINFO [0;39m restartedMain] [org.apache.coyote.http11.Http11NioProtocol] [36mInitializing ProtocolHandler ["http-nio-8082"][0;39m
[2024-01-15 19:50:54 [32mINFO [0;39m restartedMain] [org.apache.catalina.core.StandardService] [36mStarting service [Tomcat][0;39m
[2024-01-15 19:50:54 [32mINFO [0;39m restartedMain] [org.apache.catalina.core.StandardEngine] [36mStarting Servlet engine: [Apache Tomcat/10.1.17][0;39m
[2024-01-15 19:50:54 [32mINFO [0;39m restartedMain] [org.apache.catalina.core.ContainerBase.[Tomcat].[localhost].[/]] [36mInitializing Spring embedded WebApplicationContext[0;39m
[2024-01-15 19:50:54 [32mINFO [0;39m restartedMain] [org.springframework.boot.web.servlet.context.ServletWebServerApplicationContext] [36mRoot WebApplicationContext: initialization completed in 178 ms[0;39m
[2024-01-15 19:50:54 [32mINFO [0;39m restartedMain] [org.springframework.boot.devtools.autoconfigure.OptionalLiveReloadServer] [36mLiveReload server is running on port 35729[0;39m
[2024-01-15 19:50:54 [32mINFO [0;39m restartedMain] [org.apache.coyote.http11.Http11NioProtocol] [36mStarting ProtocolHandler ["http-nio-8082"][0;39m
[2024-01-15 19:50:54 [32mINFO [0;39m restartedMain] [org.springframework.boot.web.embedded.tomcat.TomcatWebServer] [36mTomcat started on port 8082 (http) with context path ''[0;39m
[2024-01-15 19:50:54 [32mINFO [0;39m restartedMain] [com.preschool.preschooldemo.PreschooldemoApplication] [36mStarted PreschooldemoApplication in 0.3 seconds (process running for 351.538)[0;39m
[2024-01-15 19:50:54 [32mINFO [0;39m restartedMain] [org.springframework.boot.devtools.autoconfigure.ConditionEvaluationDeltaLoggingListener] [36mCondition evaluation unchanged[0;39m
[2024-01-15 19:50:56 [32mINFO [0;39m File Watcher] [org.springframework.boot.devtools.autoconfigure.LocalDevToolsAutoConfiguration$RestartingClassPathChangeChangedEventListener] [36mRestarting due to 1 class path change (1 addition, 0 deletions, 0 modifications)[0;39m
[2024-01-15 19:50:56 [32mINFO [0;39m Thread-15] [org.apache.coyote.http11.Http11NioProtocol] [36mStopping ProtocolHandler ["http-nio-8082"][0;39m
[2024-01-15 19:50:56 [32mINFO [0;39m restartedMain] [com.preschool.preschooldemo.PreschooldemoApplication] [36mStarting PreschooldemoApplication using Java 17.0.8.1 with PID 6312 (D:\Students\hyun\java\preschooldemo\build\classes\java\main started by Administrator in D:\Students\hyun\java\preschooldemo)[0;39m
[2024-01-15 19:50:56 [32mINFO [0;39m restartedMain] [com.preschool.preschooldemo.PreschooldemoApplication] [36mNo active profile set, falling back to 1 default profile: "default"[0;39m
[2024-01-15 19:50:56 [33mWARN [0;39m restartedMain] [org.mybatis.spring.mapper.ClassPathMapperScanner] [36mNo MyBatis mapper was found in '[com.preschool.preschooldemo]' package. Please check your configuration.[0;39m
[2024-01-15 19:50:56 [32mINFO [0;39m restartedMain] [org.springframework.boot.web.embedded.tomcat.TomcatWebServer] [36mTomcat initialized with port 8082 (http)[0;39m
[2024-01-15 19:50:56 [32mINFO [0;39m restartedMain] [org.apache.coyote.http11.Http11NioProtocol] [36mInitializing ProtocolHandler ["http-nio-8082"][0;39m
[2024-01-15 19:50:56 [32mINFO [0;39m restartedMain] [org.apache.catalina.core.StandardService] [36mStarting service [Tomcat][0;39m
[2024-01-15 19:50:56 [32mINFO [0;39m restartedMain] [org.apache.catalina.core.StandardEngine] [36mStarting Servlet engine: [Apache Tomcat/10.1.17][0;39m
[2024-01-15 19:50:56 [32mINFO [0;39m restartedMain] [org.apache.catalina.core.ContainerBase.[Tomcat].[localhost].[/]] [36mInitializing Spring embedded WebApplicationContext[0;39m
[2024-01-15 19:50:56 [32mINFO [0;39m restartedMain] [org.springframework.boot.web.servlet.context.ServletWebServerApplicationContext] [36mRoot WebApplicationContext: initialization completed in 179 ms[0;39m
[2024-01-15 19:50:56 [32mINFO [0;39m restartedMain] [org.springframework.boot.devtools.autoconfigure.OptionalLiveReloadServer] [36mLiveReload server is running on port 35729[0;39m
[2024-01-15 19:50:56 [32mINFO [0;39m restartedMain] [org.apache.coyote.http11.Http11NioProtocol] [36mStarting ProtocolHandler ["http-nio-8082"][0;39m
[2024-01-15 19:50:56 [32mINFO [0;39m restartedMain] [org.springframework.boot.web.embedded.tomcat.TomcatWebServer] [36mTomcat started on port 8082 (http) with context path ''[0;39m
[2024-01-15 19:50:56 [32mINFO [0;39m restartedMain] [com.preschool.preschooldemo.PreschooldemoApplication] [36mStarted PreschooldemoApplication in 0.298 seconds (process running for 353.281)[0;39m
[2024-01-15 19:50:56 [32mINFO [0;39m restartedMain] [org.springframework.boot.devtools.autoconfigure.ConditionEvaluationDeltaLoggingListener] [36mCondition evaluation unchanged[0;39m
[2024-01-15 19:52:37 [32mINFO [0;39m restartedMain] [com.preschool.preschooldemo.PreschooldemoApplication] [36mStarting PreschooldemoApplication using Java 17.0.8.1 with PID 7788 (D:\Students\hyun\java\preschooldemo\build\classes\java\main started by Administrator in D:\Students\hyun\java\preschooldemo)[0;39m
[2024-01-15 19:52:37 [32mINFO [0;39m restartedMain] [com.preschool.preschooldemo.PreschooldemoApplication] [36mNo active profile set, falling back to 1 default profile: "default"[0;39m
[2024-01-15 19:52:37 [32mINFO [0;39m restartedMain] [org.springframework.boot.devtools.env.DevToolsPropertyDefaultsPostProcessor] [36mDevtools property defaults active! Set 'spring.devtools.add-properties' to 'false' to disable[0;39m
[2024-01-15 19:52:37 [32mINFO [0;39m restartedMain] [org.springframework.boot.devtools.env.DevToolsPropertyDefaultsPostProcessor] [36mFor additional web related logging consider setting the 'logging.level.web' property to 'DEBUG'[0;39m
[2024-01-15 19:52:38 [33mWARN [0;39m restartedMain] [org.mybatis.spring.mapper.ClassPathMapperScanner] [36mNo MyBatis mapper was found in '[com.preschool.preschooldemo]' package. Please check your configuration.[0;39m
[2024-01-15 19:52:38 [32mINFO [0;39m restartedMain] [org.springframework.boot.web.embedded.tomcat.TomcatWebServer] [36mTomcat initialized with port 8082 (http)[0;39m
[2024-01-15 19:52:38 [32mINFO [0;39m restartedMain] [org.apache.coyote.http11.Http11NioProtocol] [36mInitializing ProtocolHandler ["http-nio-8082"][0;39m
[2024-01-15 19:52:38 [32mINFO [0;39m restartedMain] [org.apache.catalina.core.StandardService] [36mStarting service [Tomcat][0;39m
[2024-01-15 19:52:38 [32mINFO [0;39m restartedMain] [org.apache.catalina.core.StandardEngine] [36mStarting Servlet engine: [Apache Tomcat/10.1.17][0;39m
[2024-01-15 19:52:38 [32mINFO [0;39m restartedMain] [org.apache.catalina.core.ContainerBase.[Tomcat].[localhost].[/]] [36mInitializing Spring embedded WebApplicationContext[0;39m
[2024-01-15 19:52:38 [32mINFO [0;39m restartedMain] [org.springframework.boot.web.servlet.context.ServletWebServerApplicationContext] [36mRoot WebApplicationContext: initialization completed in 777 ms[0;39m
[2024-01-15 19:52:39 [32mINFO [0;39m restartedMain] [org.springframework.boot.devtools.autoconfigure.OptionalLiveReloadServer] [36mLiveReload server is running on port 35729[0;39m
[2024-01-15 19:52:39 [32mINFO [0;39m restartedMain] [org.apache.coyote.http11.Http11NioProtocol] [36mStarting ProtocolHandler ["http-nio-8082"][0;39m
[2024-01-15 19:52:39 [32mINFO [0;39m restartedMain] [org.springframework.boot.web.embedded.tomcat.TomcatWebServer] [36mTomcat started on port 8082 (http) with context path ''[0;39m
[2024-01-15 19:52:39 [32mINFO [0;39m restartedMain] [com.preschool.preschooldemo.PreschooldemoApplication] [36mStarted PreschooldemoApplication in 1.602 seconds (process running for 2.005)[0;39m
[2024-01-15 19:52:40 [32mINFO [0;39m http-nio-8082-exec-1] [org.apache.catalina.core.ContainerBase.[Tomcat].[localhost].[/]] [36mInitializing Spring DispatcherServlet 'dispatcherServlet'[0;39m
[2024-01-15 19:52:40 [32mINFO [0;39m http-nio-8082-exec-1] [org.springframework.web.servlet.DispatcherServlet] [36mInitializing Servlet 'dispatcherServlet'[0;39m
[2024-01-15 19:52:40 [32mINFO [0;39m http-nio-8082-exec-1] [org.springframework.web.servlet.DispatcherServlet] [36mCompleted initialization in 0 ms[0;39m
[2024-01-15 19:52:40 [32mINFO [0;39m http-nio-8082-exec-9] [org.springdoc.api.AbstractOpenApiResource] [36mInit duration for springdoc-openapi is: 56 ms[0;39m
[2024-01-15 19:52:58 [32mINFO [0;39m File Watcher] [org.springframework.boot.devtools.autoconfigure.LocalDevToolsAutoConfiguration$RestartingClassPathChangeChangedEventListener] [36mRestarting due to 1 class path change (1 addition, 0 deletions, 0 modifications)[0;39m
[2024-01-15 19:52:58 [32mINFO [0;39m Thread-5] [org.apache.coyote.http11.Http11NioProtocol] [36mStopping ProtocolHandler ["http-nio-8082"][0;39m
[2024-01-15 19:52:58 [32mINFO [0;39m restartedMain] [com.preschool.preschooldemo.PreschooldemoApplication] [36mStarting PreschooldemoApplication using Java 17.0.8.1 with PID 7788 (D:\Students\hyun\java\preschooldemo\build\classes\java\main started by Administrator in D:\Students\hyun\java\preschooldemo)[0;39m
[2024-01-15 19:52:58 [32mINFO [0;39m restartedMain] [com.preschool.preschooldemo.PreschooldemoApplication] [36mNo active profile set, falling back to 1 default profile: "default"[0;39m
[2024-01-15 19:52:58 [33mWARN [0;39m restartedMain] [org.mybatis.spring.mapper.ClassPathMapperScanner] [36mNo MyBatis mapper was found in '[com.preschool.preschooldemo]' package. Please check your configuration.[0;39m
[2024-01-15 19:52:59 [32mINFO [0;39m restartedMain] [org.springframework.boot.web.embedded.tomcat.TomcatWebServer] [36mTomcat initialized with port 8082 (http)[0;39m
[2024-01-15 19:52:59 [32mINFO [0;39m restartedMain] [org.apache.coyote.http11.Http11NioProtocol] [36mInitializing ProtocolHandler ["http-nio-8082"][0;39m
[2024-01-15 19:52:59 [32mINFO [0;39m restartedMain] [org.apache.catalina.core.StandardService] [36mStarting service [Tomcat][0;39m
[2024-01-15 19:52:59 [32mINFO [0;39m restartedMain] [org.apache.catalina.core.StandardEngine] [36mStarting Servlet engine: [Apache Tomcat/10.1.17][0;39m
[2024-01-15 19:52:59 [32mINFO [0;39m restartedMain] [org.apache.catalina.core.ContainerBase.[Tomcat].[localhost].[/]] [36mInitializing Spring embedded WebApplicationContext[0;39m
[2024-01-15 19:52:59 [32mINFO [0;39m restartedMain] [org.springframework.boot.web.servlet.context.ServletWebServerApplicationContext] [36mRoot WebApplicationContext: initialization completed in 194 ms[0;39m
[2024-01-15 19:52:59 [32mINFO [0;39m restartedMain] [org.springframework.boot.devtools.autoconfigure.OptionalLiveReloadServer] [36mLiveReload server is running on port 35729[0;39m
[2024-01-15 19:52:59 [32mINFO [0;39m restartedMain] [org.apache.coyote.http11.Http11NioProtocol] [36mStarting ProtocolHandler ["http-nio-8082"][0;39m
[2024-01-15 19:52:59 [32mINFO [0;39m restartedMain] [org.springframework.boot.web.embedded.tomcat.TomcatWebServer] [36mTomcat started on port 8082 (http) with context path ''[0;39m
[2024-01-15 19:52:59 [32mINFO [0;39m restartedMain] [com.preschool.preschooldemo.PreschooldemoApplication] [36mStarted PreschooldemoApplication in 0.319 seconds (process running for 21.98)[0;39m
[2024-01-15 19:52:59 [32mINFO [0;39m restartedMain] [org.springframework.boot.devtools.autoconfigure.ConditionEvaluationDeltaLoggingListener] [36mCondition evaluation unchanged[0;39m
[2024-01-15 20:03:18 [32mINFO [0;39m restartedMain] [com.preschool.preschooldemo.PreschooldemoApplication] [36mStarting PreschooldemoApplication using Java 17.0.8.1 with PID 8404 (D:\Students\hyun\java\preschooldemo\build\classes\java\main started by Administrator in D:\Students\hyun\java\preschooldemo)[0;39m
[2024-01-15 20:03:18 [32mINFO [0;39m restartedMain] [com.preschool.preschooldemo.PreschooldemoApplication] [36mNo active profile set, falling back to 1 default profile: "default"[0;39m
[2024-01-15 20:03:18 [32mINFO [0;39m restartedMain] [org.springframework.boot.devtools.env.DevToolsPropertyDefaultsPostProcessor] [36mDevtools property defaults active! Set 'spring.devtools.add-properties' to 'false' to disable[0;39m
[2024-01-15 20:03:18 [32mINFO [0;39m restartedMain] [org.springframework.boot.devtools.env.DevToolsPropertyDefaultsPostProcessor] [36mFor additional web related logging consider setting the 'logging.level.web' property to 'DEBUG'[0;39m
[2024-01-15 20:03:19 [33mWARN [0;39m restartedMain] [org.mybatis.spring.mapper.ClassPathMapperScanner] [36mNo MyBatis mapper was found in '[com.preschool.preschooldemo]' package. Please check your configuration.[0;39m
[2024-01-15 20:03:19 [32mINFO [0;39m restartedMain] [org.springframework.boot.web.embedded.tomcat.TomcatWebServer] [36mTomcat initialized with port 8082 (http)[0;39m
[2024-01-15 20:03:19 [32mINFO [0;39m restartedMain] [org.apache.coyote.http11.Http11NioProtocol] [36mInitializing ProtocolHandler ["http-nio-8082"][0;39m
[2024-01-15 20:03:19 [32mINFO [0;39m restartedMain] [org.apache.catalina.core.StandardService] [36mStarting service [Tomcat][0;39m
[2024-01-15 20:03:19 [32mINFO [0;39m restartedMain] [org.apache.catalina.core.StandardEngine] [36mStarting Servlet engine: [Apache Tomcat/10.1.17][0;39m
[2024-01-15 20:03:19 [32mINFO [0;39m restartedMain] [org.apache.catalina.core.ContainerBase.[Tomcat].[localhost].[/]] [36mInitializing Spring embedded WebApplicationContext[0;39m
[2024-01-15 20:03:19 [32mINFO [0;39m restartedMain] [org.springframework.boot.web.servlet.context.ServletWebServerApplicationContext] [36mRoot WebApplicationContext: initialization completed in 802 ms[0;39m
[2024-01-15 20:03:19 [32mINFO [0;39m restartedMain] [org.springframework.boot.devtools.autoconfigure.OptionalLiveReloadServer] [36mLiveReload server is running on port 35729[0;39m
[2024-01-15 20:03:19 [32mINFO [0;39m restartedMain] [org.apache.coyote.http11.Http11NioProtocol] [36mStarting ProtocolHandler ["http-nio-8082"][0;39m
[2024-01-15 20:03:19 [32mINFO [0;39m restartedMain] [org.springframework.boot.web.embedded.tomcat.TomcatWebServer] [36mTomcat started on port 8082 (http) with context path ''[0;39m
[2024-01-15 20:03:19 [32mINFO [0;39m restartedMain] [com.preschool.preschooldemo.PreschooldemoApplication] [36mStarted PreschooldemoApplication in 1.652 seconds (process running for 2.065)[0;39m
[2024-01-15 20:03:28 [32mINFO [0;39m http-nio-8082-exec-1] [org.apache.catalina.core.ContainerBase.[Tomcat].[localhost].[/]] [36mInitializing Spring DispatcherServlet 'dispatcherServlet'[0;39m
[2024-01-15 20:03:28 [32mINFO [0;39m http-nio-8082-exec-1] [org.springframework.web.servlet.DispatcherServlet] [36mInitializing Servlet 'dispatcherServlet'[0;39m
[2024-01-15 20:03:28 [32mINFO [0;39m http-nio-8082-exec-1] [org.springframework.web.servlet.DispatcherServlet] [36mCompleted initialization in 1 ms[0;39m
[2024-01-15 20:03:34 [32mINFO [0;39m http-nio-8082-exec-3] [org.springdoc.api.AbstractOpenApiResource] [36mInit duration for springdoc-openapi is: 48 ms[0;39m
[2024-01-15 20:06:19 [32mINFO [0;39m restartedMain] [com.preschool.preschooldemo.PreschooldemoApplication] [36mStarting PreschooldemoApplication using Java 17.0.8.1 with PID 1892 (D:\Students\hyun\java\preschooldemo\build\classes\java\main started by Administrator in D:\Students\hyun\java\preschooldemo)[0;39m
[2024-01-15 20:06:19 [32mINFO [0;39m restartedMain] [com.preschool.preschooldemo.PreschooldemoApplication] [36mNo active profile set, falling back to 1 default profile: "default"[0;39m
[2024-01-15 20:06:19 [32mINFO [0;39m restartedMain] [org.springframework.boot.devtools.env.DevToolsPropertyDefaultsPostProcessor] [36mDevtools property defaults active! Set 'spring.devtools.add-properties' to 'false' to disable[0;39m
[2024-01-15 20:06:19 [32mINFO [0;39m restartedMain] [org.springframework.boot.devtools.env.DevToolsPropertyDefaultsPostProcessor] [36mFor additional web related logging consider setting the 'logging.level.web' property to 'DEBUG'[0;39m
[2024-01-15 20:06:19 [33mWARN [0;39m restartedMain] [org.mybatis.spring.mapper.ClassPathMapperScanner] [36mNo MyBatis mapper was found in '[com.preschool.preschooldemo]' package. Please check your configuration.[0;39m
[2024-01-15 20:06:19 [32mINFO [0;39m restartedMain] [org.springframework.boot.web.embedded.tomcat.TomcatWebServer] [36mTomcat initialized with port 8082 (http)[0;39m
[2024-01-15 20:06:19 [32mINFO [0;39m restartedMain] [org.apache.coyote.http11.Http11NioProtocol] [36mInitializing ProtocolHandler ["http-nio-8082"][0;39m
[2024-01-15 20:06:19 [32mINFO [0;39m restartedMain] [org.apache.catalina.core.StandardService] [36mStarting service [Tomcat][0;39m
[2024-01-15 20:06:19 [32mINFO [0;39m restartedMain] [org.apache.catalina.core.StandardEngine] [36mStarting Servlet engine: [Apache Tomcat/10.1.17][0;39m
[2024-01-15 20:06:19 [32mINFO [0;39m restartedMain] [org.apache.catalina.core.ContainerBase.[Tomcat].[localhost].[/]] [36mInitializing Spring embedded WebApplicationContext[0;39m
[2024-01-15 20:06:19 [32mINFO [0;39m restartedMain] [org.springframework.boot.web.servlet.context.ServletWebServerApplicationContext] [36mRoot WebApplicationContext: initialization completed in 771 ms[0;39m
[2024-01-15 20:06:20 [32mINFO [0;39m restartedMain] [org.springframework.boot.devtools.autoconfigure.OptionalLiveReloadServer] [36mLiveReload server is running on port 35729[0;39m
[2024-01-15 20:06:20 [32mINFO [0;39m restartedMain] [org.apache.coyote.http11.Http11NioProtocol] [36mStarting ProtocolHandler ["http-nio-8082"][0;39m
[2024-01-15 20:06:20 [32mINFO [0;39m restartedMain] [org.springframework.boot.web.embedded.tomcat.TomcatWebServer] [36mTomcat started on port 8082 (http) with context path ''[0;39m
[2024-01-15 20:06:20 [32mINFO [0;39m restartedMain] [com.preschool.preschooldemo.PreschooldemoApplication] [36mStarted PreschooldemoApplication in 1.609 seconds (process running for 2.018)[0;39m
[2024-01-15 20:06:25 [32mINFO [0;39m http-nio-8082-exec-1] [org.apache.catalina.core.ContainerBase.[Tomcat].[localhost].[/]] [36mInitializing Spring DispatcherServlet 'dispatcherServlet'[0;39m
[2024-01-15 20:06:25 [32mINFO [0;39m http-nio-8082-exec-1] [org.springframework.web.servlet.DispatcherServlet] [36mInitializing Servlet 'dispatcherServlet'[0;39m
[2024-01-15 20:06:25 [32mINFO [0;39m http-nio-8082-exec-1] [org.springframework.web.servlet.DispatcherServlet] [36mCompleted initialization in 1 ms[0;39m
[2024-01-15 20:06:25 [32mINFO [0;39m http-nio-8082-exec-9] [org.springdoc.api.AbstractOpenApiResource] [36mInit duration for springdoc-openapi is: 57 ms[0;39m
[2024-01-15 20:16:59 [32mINFO [0;39m restartedMain] [com.preschool.preschooldemo.PreschooldemoApplication] [36mStarting PreschooldemoApplication using Java 17.0.8.1 with PID 10908 (D:\Students\hyun\java\preschooldemo\build\classes\java\main started by Administrator in D:\Students\hyun\java\preschooldemo)[0;39m
[2024-01-15 20:16:59 [32mINFO [0;39m restartedMain] [com.preschool.preschooldemo.PreschooldemoApplication] [36mNo active profile set, falling back to 1 default profile: "default"[0;39m
[2024-01-15 20:16:59 [32mINFO [0;39m restartedMain] [org.springframework.boot.devtools.env.DevToolsPropertyDefaultsPostProcessor] [36mDevtools property defaults active! Set 'spring.devtools.add-properties' to 'false' to disable[0;39m
[2024-01-15 20:16:59 [32mINFO [0;39m restartedMain] [org.springframework.boot.devtools.env.DevToolsPropertyDefaultsPostProcessor] [36mFor additional web related logging consider setting the 'logging.level.web' property to 'DEBUG'[0;39m
[2024-01-15 20:16:59 [33mWARN [0;39m restartedMain] [org.mybatis.spring.mapper.ClassPathMapperScanner] [36mNo MyBatis mapper was found in '[com.preschool.preschooldemo]' package. Please check your configuration.[0;39m
[2024-01-15 20:17:00 [32mINFO [0;39m restartedMain] [org.springframework.boot.web.embedded.tomcat.TomcatWebServer] [36mTomcat initialized with port 8082 (http)[0;39m
[2024-01-15 20:17:00 [32mINFO [0;39m restartedMain] [org.apache.coyote.http11.Http11NioProtocol] [36mInitializing ProtocolHandler ["http-nio-8082"][0;39m
[2024-01-15 20:17:00 [32mINFO [0;39m restartedMain] [org.apache.catalina.core.StandardService] [36mStarting service [Tomcat][0;39m
[2024-01-15 20:17:00 [32mINFO [0;39m restartedMain] [org.apache.catalina.core.StandardEngine] [36mStarting Servlet engine: [Apache Tomcat/10.1.17][0;39m
[2024-01-15 20:17:00 [32mINFO [0;39m restartedMain] [org.apache.catalina.core.ContainerBase.[Tomcat].[localhost].[/]] [36mInitializing Spring embedded WebApplicationContext[0;39m
[2024-01-15 20:17:00 [32mINFO [0;39m restartedMain] [org.springframework.boot.web.servlet.context.ServletWebServerApplicationContext] [36mRoot WebApplicationContext: initialization completed in 798 ms[0;39m
[2024-01-15 20:17:00 [32mINFO [0;39m restartedMain] [org.springframework.boot.devtools.autoconfigure.OptionalLiveReloadServer] [36mLiveReload server is running on port 35729[0;39m
[2024-01-15 20:17:00 [32mINFO [0;39m restartedMain] [org.apache.coyote.http11.Http11NioProtocol] [36mStarting ProtocolHandler ["http-nio-8082"][0;39m
[2024-01-15 20:17:00 [32mINFO [0;39m restartedMain] [org.springframework.boot.web.embedded.tomcat.TomcatWebServer] [36mTomcat started on port 8082 (http) with context path ''[0;39m
[2024-01-15 20:17:00 [32mINFO [0;39m restartedMain] [com.preschool.preschooldemo.PreschooldemoApplication] [36mStarted PreschooldemoApplication in 1.664 seconds (process running for 2.071)[0;39m
[2024-01-15 20:17:11 [32mINFO [0;39m restartedMain] [com.preschool.preschooldemo.PreschooldemoApplication] [36mStarting PreschooldemoApplication using Java 17.0.8.1 with PID 10748 (D:\Students\hyun\java\preschooldemo\build\classes\java\main started by Administrator in D:\Students\hyun\java\preschooldemo)[0;39m
[2024-01-15 20:17:11 [32mINFO [0;39m restartedMain] [com.preschool.preschooldemo.PreschooldemoApplication] [36mNo active profile set, falling back to 1 default profile: "default"[0;39m
[2024-01-15 20:17:11 [32mINFO [0;39m restartedMain] [org.springframework.boot.devtools.env.DevToolsPropertyDefaultsPostProcessor] [36mDevtools property defaults active! Set 'spring.devtools.add-properties' to 'false' to disable[0;39m
[2024-01-15 20:17:11 [32mINFO [0;39m restartedMain] [org.springframework.boot.devtools.env.DevToolsPropertyDefaultsPostProcessor] [36mFor additional web related logging consider setting the 'logging.level.web' property to 'DEBUG'[0;39m
[2024-01-15 20:17:12 [33mWARN [0;39m restartedMain] [org.mybatis.spring.mapper.ClassPathMapperScanner] [36mNo MyBatis mapper was found in '[com.preschool.preschooldemo]' package. Please check your configuration.[0;39m
[2024-01-15 20:17:12 [32mINFO [0;39m restartedMain] [org.springframework.boot.web.embedded.tomcat.TomcatWebServer] [36mTomcat initialized with port 8082 (http)[0;39m
[2024-01-15 20:17:12 [32mINFO [0;39m restartedMain] [org.apache.coyote.http11.Http11NioProtocol] [36mInitializing ProtocolHandler ["http-nio-8082"][0;39m
[2024-01-15 20:17:12 [32mINFO [0;39m restartedMain] [org.apache.catalina.core.StandardService] [36mStarting service [Tomcat][0;39m
[2024-01-15 20:17:12 [32mINFO [0;39m restartedMain] [org.apache.catalina.core.StandardEngine] [36mStarting Servlet engine: [Apache Tomcat/10.1.17][0;39m
[2024-01-15 20:17:12 [32mINFO [0;39m restartedMain] [org.apache.catalina.core.ContainerBase.[Tomcat].[localhost].[/]] [36mInitializing Spring embedded WebApplicationContext[0;39m
[2024-01-15 20:17:12 [32mINFO [0;39m restartedMain] [org.springframework.boot.web.servlet.context.ServletWebServerApplicationContext] [36mRoot WebApplicationContext: initialization completed in 810 ms[0;39m
[2024-01-15 20:17:13 [32mINFO [0;39m restartedMain] [org.springframework.boot.devtools.autoconfigure.OptionalLiveReloadServer] [36mLiveReload server is running on port 35729[0;39m
[2024-01-15 20:17:13 [32mINFO [0;39m restartedMain] [org.apache.coyote.http11.Http11NioProtocol] [36mStarting ProtocolHandler ["http-nio-8082"][0;39m
[2024-01-15 20:17:13 [32mINFO [0;39m restartedMain] [org.springframework.boot.web.embedded.tomcat.TomcatWebServer] [36mTomcat started on port 8082 (http) with context path ''[0;39m
[2024-01-15 20:17:13 [32mINFO [0;39m restartedMain] [com.preschool.preschooldemo.PreschooldemoApplication] [36mStarted PreschooldemoApplication in 1.665 seconds (process running for 2.074)[0;39m
[2024-01-15 20:17:18 [32mINFO [0;39m http-nio-8082-exec-1] [org.apache.catalina.core.ContainerBase.[Tomcat].[localhost].[/]] [36mInitializing Spring DispatcherServlet 'dispatcherServlet'[0;39m
[2024-01-15 20:17:18 [32mINFO [0;39m http-nio-8082-exec-1] [org.springframework.web.servlet.DispatcherServlet] [36mInitializing Servlet 'dispatcherServlet'[0;39m
[2024-01-15 20:17:18 [32mINFO [0;39m http-nio-8082-exec-1] [org.springframework.web.servlet.DispatcherServlet] [36mCompleted initialization in 1 ms[0;39m
[2024-01-15 20:17:18 [32mINFO [0;39m http-nio-8082-exec-9] [org.springdoc.api.AbstractOpenApiResource] [36mInit duration for springdoc-openapi is: 56 ms[0;39m
[2024-01-15 21:14:32 [32mINFO [0;39m restartedMain] [com.preschool.preschooldemo.PreschooldemoApplication] [36mStarting PreschooldemoApplication using Java 17.0.8.1 with PID 10160 (D:\Students\hyun\java\preschooldemo\build\classes\java\main started by Administrator in D:\Students\hyun\java\preschooldemo)[0;39m
[2024-01-15 21:14:32 [32mINFO [0;39m restartedMain] [com.preschool.preschooldemo.PreschooldemoApplication] [36mNo active profile set, falling back to 1 default profile: "default"[0;39m
[2024-01-15 21:14:32 [32mINFO [0;39m restartedMain] [org.springframework.boot.devtools.env.DevToolsPropertyDefaultsPostProcessor] [36mDevtools property defaults active! Set 'spring.devtools.add-properties' to 'false' to disable[0;39m
[2024-01-15 21:14:32 [32mINFO [0;39m restartedMain] [org.springframework.boot.devtools.env.DevToolsPropertyDefaultsPostProcessor] [36mFor additional web related logging consider setting the 'logging.level.web' property to 'DEBUG'[0;39m
[2024-01-15 21:14:33 [33mWARN [0;39m restartedMain] [org.mybatis.spring.mapper.ClassPathMapperScanner] [36mNo MyBatis mapper was found in '[com.preschool.preschooldemo]' package. Please check your configuration.[0;39m
[2024-01-15 21:14:33 [32mINFO [0;39m restartedMain] [org.springframework.boot.web.embedded.tomcat.TomcatWebServer] [36mTomcat initialized with port 8082 (http)[0;39m
[2024-01-15 21:14:33 [32mINFO [0;39m restartedMain] [org.apache.coyote.http11.Http11NioProtocol] [36mInitializing ProtocolHandler ["http-nio-8082"][0;39m
[2024-01-15 21:14:33 [32mINFO [0;39m restartedMain] [org.apache.catalina.core.StandardService] [36mStarting service [Tomcat][0;39m
[2024-01-15 21:14:33 [32mINFO [0;39m restartedMain] [org.apache.catalina.core.StandardEngine] [36mStarting Servlet engine: [Apache Tomcat/10.1.17][0;39m
[2024-01-15 21:14:33 [32mINFO [0;39m restartedMain] [org.apache.catalina.core.ContainerBase.[Tomcat].[localhost].[/]] [36mInitializing Spring embedded WebApplicationContext[0;39m
[2024-01-15 21:14:33 [32mINFO [0;39m restartedMain] [org.springframework.boot.web.servlet.context.ServletWebServerApplicationContext] [36mRoot WebApplicationContext: initialization completed in 863 ms[0;39m
[2024-01-15 21:14:34 [32mINFO [0;39m restartedMain] [org.springframework.boot.devtools.autoconfigure.OptionalLiveReloadServer] [36mLiveReload server is running on port 35729[0;39m
[2024-01-15 21:14:34 [32mINFO [0;39m restartedMain] [org.apache.coyote.http11.Http11NioProtocol] [36mStarting ProtocolHandler ["http-nio-8082"][0;39m
[2024-01-15 21:14:34 [32mINFO [0;39m restartedMain] [org.springframework.boot.web.embedded.tomcat.TomcatWebServer] [36mTomcat started on port 8082 (http) with context path ''[0;39m
[2024-01-15 21:14:34 [32mINFO [0;39m restartedMain] [com.preschool.preschooldemo.PreschooldemoApplication] [36mStarted PreschooldemoApplication in 1.86 seconds (process running for 2.306)[0;39m
[2024-01-15 21:16:15 [32mINFO [0;39m http-nio-8082-exec-3] [org.apache.catalina.core.ContainerBase.[Tomcat].[localhost].[/]] [36mInitializing Spring DispatcherServlet 'dispatcherServlet'[0;39m
[2024-01-15 21:16:15 [32mINFO [0;39m http-nio-8082-exec-3] [org.springframework.web.servlet.DispatcherServlet] [36mInitializing Servlet 'dispatcherServlet'[0;39m
[2024-01-15 21:16:15 [32mINFO [0;39m http-nio-8082-exec-3] [org.springframework.web.servlet.DispatcherServlet] [36mCompleted initialization in 0 ms[0;39m
